ARM GAS  /tmp/ccTaUe89.s 			page 1


   1              		.cpu cortex-m3
   2              		.arch armv7-m
   3              		.fpu softvfp
   4              		.eabi_attribute 20, 1
   5              		.eabi_attribute 21, 1
   6              		.eabi_attribute 23, 3
   7              		.eabi_attribute 24, 1
   8              		.eabi_attribute 25, 1
   9              		.eabi_attribute 26, 1
  10              		.eabi_attribute 30, 1
  11              		.eabi_attribute 34, 1
  12              		.eabi_attribute 18, 4
  13              		.file	"usart.c"
  14              		.text
  15              	.Ltext0:
  16              		.cfi_sections	.debug_frame
  17              		.file 1 "Core/Src/usart.c"
  18              		.section	.text.MX_USART1_UART_Init,"ax",%progbits
  19              		.align	1
  20              		.global	MX_USART1_UART_Init
  21              		.syntax unified
  22              		.thumb
  23              		.thumb_func
  25              	MX_USART1_UART_Init:
  26              	.LFB65:
   1:Core/Src/usart.c **** /* USER CODE BEGIN Header */
   2:Core/Src/usart.c **** /**
   3:Core/Src/usart.c ****   ******************************************************************************
   4:Core/Src/usart.c ****   * @file    usart.c
   5:Core/Src/usart.c ****   * @brief   This file provides code for the configuration
   6:Core/Src/usart.c ****   *          of the USART instances.
   7:Core/Src/usart.c ****   ******************************************************************************
   8:Core/Src/usart.c ****   * @attention
   9:Core/Src/usart.c ****   *
  10:Core/Src/usart.c ****   * Copyright (c) 2024 STMicroelectronics.
  11:Core/Src/usart.c ****   * All rights reserved.
  12:Core/Src/usart.c ****   *
  13:Core/Src/usart.c ****   * This software is licensed under terms that can be found in the LICENSE file
  14:Core/Src/usart.c ****   * in the root directory of this software component.
  15:Core/Src/usart.c ****   * If no LICENSE file comes with this software, it is provided AS-IS.
  16:Core/Src/usart.c ****   *
  17:Core/Src/usart.c ****   ******************************************************************************
  18:Core/Src/usart.c ****   */
  19:Core/Src/usart.c **** /* USER CODE END Header */
  20:Core/Src/usart.c **** /* Includes ------------------------------------------------------------------*/
  21:Core/Src/usart.c **** #include "usart.h"
  22:Core/Src/usart.c **** 
  23:Core/Src/usart.c **** /* USER CODE BEGIN 0 */
  24:Core/Src/usart.c **** 
  25:Core/Src/usart.c **** /* USER CODE END 0 */
  26:Core/Src/usart.c **** 
  27:Core/Src/usart.c **** UART_HandleTypeDef huart1;
  28:Core/Src/usart.c **** 
  29:Core/Src/usart.c **** /* USART1 init function */
  30:Core/Src/usart.c **** 
  31:Core/Src/usart.c **** void MX_USART1_UART_Init(void)
  32:Core/Src/usart.c **** {
ARM GAS  /tmp/ccTaUe89.s 			page 2


  27              		.loc 1 32 1 view -0
  28              		.cfi_startproc
  29              		@ args = 0, pretend = 0, frame = 0
  30              		@ frame_needed = 0, uses_anonymous_args = 0
  31 0000 08B5     		push	{r3, lr}
  32              		.cfi_def_cfa_offset 8
  33              		.cfi_offset 3, -8
  34              		.cfi_offset 14, -4
  33:Core/Src/usart.c **** 
  34:Core/Src/usart.c ****   /* USER CODE BEGIN USART1_Init 0 */
  35:Core/Src/usart.c **** 
  36:Core/Src/usart.c ****   /* USER CODE END USART1_Init 0 */
  37:Core/Src/usart.c **** 
  38:Core/Src/usart.c ****   /* USER CODE BEGIN USART1_Init 1 */
  39:Core/Src/usart.c **** 
  40:Core/Src/usart.c ****   /* USER CODE END USART1_Init 1 */
  41:Core/Src/usart.c ****   huart1.Instance = USART1;
  35              		.loc 1 41 3 view .LVU1
  36              		.loc 1 41 19 is_stmt 0 view .LVU2
  37 0002 0A48     		ldr	r0, .L5
  38 0004 0A4B     		ldr	r3, .L5+4
  39 0006 0360     		str	r3, [r0]
  42:Core/Src/usart.c ****   huart1.Init.BaudRate = 115200;
  40              		.loc 1 42 3 is_stmt 1 view .LVU3
  41              		.loc 1 42 24 is_stmt 0 view .LVU4
  42 0008 4FF4E133 		mov	r3, #115200
  43 000c 4360     		str	r3, [r0, #4]
  43:Core/Src/usart.c ****   huart1.Init.WordLength = UART_WORDLENGTH_8B;
  44              		.loc 1 43 3 is_stmt 1 view .LVU5
  45              		.loc 1 43 26 is_stmt 0 view .LVU6
  46 000e 0023     		movs	r3, #0
  47 0010 8360     		str	r3, [r0, #8]
  44:Core/Src/usart.c ****   huart1.Init.StopBits = UART_STOPBITS_1;
  48              		.loc 1 44 3 is_stmt 1 view .LVU7
  49              		.loc 1 44 24 is_stmt 0 view .LVU8
  50 0012 C360     		str	r3, [r0, #12]
  45:Core/Src/usart.c ****   huart1.Init.Parity = UART_PARITY_NONE;
  51              		.loc 1 45 3 is_stmt 1 view .LVU9
  52              		.loc 1 45 22 is_stmt 0 view .LVU10
  53 0014 0361     		str	r3, [r0, #16]
  46:Core/Src/usart.c ****   huart1.Init.Mode = UART_MODE_TX_RX;
  54              		.loc 1 46 3 is_stmt 1 view .LVU11
  55              		.loc 1 46 20 is_stmt 0 view .LVU12
  56 0016 0C22     		movs	r2, #12
  57 0018 4261     		str	r2, [r0, #20]
  47:Core/Src/usart.c ****   huart1.Init.HwFlowCtl = UART_HWCONTROL_NONE;
  58              		.loc 1 47 3 is_stmt 1 view .LVU13
  59              		.loc 1 47 25 is_stmt 0 view .LVU14
  60 001a 8361     		str	r3, [r0, #24]
  48:Core/Src/usart.c ****   huart1.Init.OverSampling = UART_OVERSAMPLING_16;
  61              		.loc 1 48 3 is_stmt 1 view .LVU15
  62              		.loc 1 48 28 is_stmt 0 view .LVU16
  63 001c C361     		str	r3, [r0, #28]
  49:Core/Src/usart.c ****   if (HAL_UART_Init(&huart1) != HAL_OK)
  64              		.loc 1 49 3 is_stmt 1 view .LVU17
  65              		.loc 1 49 7 is_stmt 0 view .LVU18
  66 001e FFF7FEFF 		bl	HAL_UART_Init
ARM GAS  /tmp/ccTaUe89.s 			page 3


  67              	.LVL0:
  68              		.loc 1 49 6 discriminator 1 view .LVU19
  69 0022 00B9     		cbnz	r0, .L4
  70              	.L1:
  50:Core/Src/usart.c ****   {
  51:Core/Src/usart.c ****     Error_Handler();
  52:Core/Src/usart.c ****   }
  53:Core/Src/usart.c ****   /* USER CODE BEGIN USART1_Init 2 */
  54:Core/Src/usart.c **** 
  55:Core/Src/usart.c ****   /* USER CODE END USART1_Init 2 */
  56:Core/Src/usart.c **** 
  57:Core/Src/usart.c **** }
  71              		.loc 1 57 1 view .LVU20
  72 0024 08BD     		pop	{r3, pc}
  73              	.L4:
  51:Core/Src/usart.c ****   }
  74              		.loc 1 51 5 is_stmt 1 view .LVU21
  75 0026 FFF7FEFF 		bl	Error_Handler
  76              	.LVL1:
  77              		.loc 1 57 1 is_stmt 0 view .LVU22
  78 002a FBE7     		b	.L1
  79              	.L6:
  80              		.align	2
  81              	.L5:
  82 002c 00000000 		.word	huart1
  83 0030 00380140 		.word	1073821696
  84              		.cfi_endproc
  85              	.LFE65:
  87              		.section	.text.HAL_UART_MspInit,"ax",%progbits
  88              		.align	1
  89              		.global	HAL_UART_MspInit
  90              		.syntax unified
  91              		.thumb
  92              		.thumb_func
  94              	HAL_UART_MspInit:
  95              	.LVL2:
  96              	.LFB66:
  58:Core/Src/usart.c **** 
  59:Core/Src/usart.c **** void HAL_UART_MspInit(UART_HandleTypeDef* uartHandle)
  60:Core/Src/usart.c **** {
  97              		.loc 1 60 1 is_stmt 1 view -0
  98              		.cfi_startproc
  99              		@ args = 0, pretend = 0, frame = 24
 100              		@ frame_needed = 0, uses_anonymous_args = 0
 101              		.loc 1 60 1 is_stmt 0 view .LVU24
 102 0000 10B5     		push	{r4, lr}
 103              		.cfi_def_cfa_offset 8
 104              		.cfi_offset 4, -8
 105              		.cfi_offset 14, -4
 106 0002 86B0     		sub	sp, sp, #24
 107              		.cfi_def_cfa_offset 32
  61:Core/Src/usart.c **** 
  62:Core/Src/usart.c ****   GPIO_InitTypeDef GPIO_InitStruct = {0};
 108              		.loc 1 62 3 is_stmt 1 view .LVU25
 109              		.loc 1 62 20 is_stmt 0 view .LVU26
 110 0004 0023     		movs	r3, #0
 111 0006 0293     		str	r3, [sp, #8]
ARM GAS  /tmp/ccTaUe89.s 			page 4


 112 0008 0393     		str	r3, [sp, #12]
 113 000a 0493     		str	r3, [sp, #16]
 114 000c 0593     		str	r3, [sp, #20]
  63:Core/Src/usart.c ****   if(uartHandle->Instance==USART1)
 115              		.loc 1 63 3 is_stmt 1 view .LVU27
 116              		.loc 1 63 16 is_stmt 0 view .LVU28
 117 000e 0268     		ldr	r2, [r0]
 118              		.loc 1 63 5 view .LVU29
 119 0010 1A4B     		ldr	r3, .L11
 120 0012 9A42     		cmp	r2, r3
 121 0014 01D0     		beq	.L10
 122              	.LVL3:
 123              	.L7:
  64:Core/Src/usart.c ****   {
  65:Core/Src/usart.c ****   /* USER CODE BEGIN USART1_MspInit 0 */
  66:Core/Src/usart.c **** 
  67:Core/Src/usart.c ****   /* USER CODE END USART1_MspInit 0 */
  68:Core/Src/usart.c ****     /* USART1 clock enable */
  69:Core/Src/usart.c ****     __HAL_RCC_USART1_CLK_ENABLE();
  70:Core/Src/usart.c **** 
  71:Core/Src/usart.c ****     __HAL_RCC_GPIOB_CLK_ENABLE();
  72:Core/Src/usart.c ****     /**USART1 GPIO Configuration
  73:Core/Src/usart.c ****     PB6     ------> USART1_TX
  74:Core/Src/usart.c ****     PB7     ------> USART1_RX
  75:Core/Src/usart.c ****     */
  76:Core/Src/usart.c ****     GPIO_InitStruct.Pin = GPIO_PIN_6;
  77:Core/Src/usart.c ****     GPIO_InitStruct.Mode = GPIO_MODE_AF_PP;
  78:Core/Src/usart.c ****     GPIO_InitStruct.Speed = GPIO_SPEED_FREQ_HIGH;
  79:Core/Src/usart.c ****     HAL_GPIO_Init(GPIOB, &GPIO_InitStruct);
  80:Core/Src/usart.c **** 
  81:Core/Src/usart.c ****     GPIO_InitStruct.Pin = GPIO_PIN_7;
  82:Core/Src/usart.c ****     GPIO_InitStruct.Mode = GPIO_MODE_INPUT;
  83:Core/Src/usart.c ****     GPIO_InitStruct.Pull = GPIO_NOPULL;
  84:Core/Src/usart.c ****     HAL_GPIO_Init(GPIOB, &GPIO_InitStruct);
  85:Core/Src/usart.c **** 
  86:Core/Src/usart.c ****     __HAL_AFIO_REMAP_USART1_ENABLE();
  87:Core/Src/usart.c **** 
  88:Core/Src/usart.c ****   /* USER CODE BEGIN USART1_MspInit 1 */
  89:Core/Src/usart.c **** 
  90:Core/Src/usart.c ****   /* USER CODE END USART1_MspInit 1 */
  91:Core/Src/usart.c ****   }
  92:Core/Src/usart.c **** }
 124              		.loc 1 92 1 view .LVU30
 125 0016 06B0     		add	sp, sp, #24
 126              		.cfi_remember_state
 127              		.cfi_def_cfa_offset 8
 128              		@ sp needed
 129 0018 10BD     		pop	{r4, pc}
 130              	.LVL4:
 131              	.L10:
 132              		.cfi_restore_state
  69:Core/Src/usart.c **** 
 133              		.loc 1 69 5 is_stmt 1 view .LVU31
 134              	.LBB2:
  69:Core/Src/usart.c **** 
 135              		.loc 1 69 5 view .LVU32
  69:Core/Src/usart.c **** 
ARM GAS  /tmp/ccTaUe89.s 			page 5


 136              		.loc 1 69 5 view .LVU33
 137 001a 03F55843 		add	r3, r3, #55296
 138 001e 9A69     		ldr	r2, [r3, #24]
 139 0020 42F48042 		orr	r2, r2, #16384
 140 0024 9A61     		str	r2, [r3, #24]
  69:Core/Src/usart.c **** 
 141              		.loc 1 69 5 view .LVU34
 142 0026 9A69     		ldr	r2, [r3, #24]
 143 0028 02F48042 		and	r2, r2, #16384
 144 002c 0092     		str	r2, [sp]
  69:Core/Src/usart.c **** 
 145              		.loc 1 69 5 view .LVU35
 146 002e 009A     		ldr	r2, [sp]
 147              	.LBE2:
  69:Core/Src/usart.c **** 
 148              		.loc 1 69 5 view .LVU36
  71:Core/Src/usart.c ****     /**USART1 GPIO Configuration
 149              		.loc 1 71 5 view .LVU37
 150              	.LBB3:
  71:Core/Src/usart.c ****     /**USART1 GPIO Configuration
 151              		.loc 1 71 5 view .LVU38
  71:Core/Src/usart.c ****     /**USART1 GPIO Configuration
 152              		.loc 1 71 5 view .LVU39
 153 0030 9A69     		ldr	r2, [r3, #24]
 154 0032 42F00802 		orr	r2, r2, #8
 155 0036 9A61     		str	r2, [r3, #24]
  71:Core/Src/usart.c ****     /**USART1 GPIO Configuration
 156              		.loc 1 71 5 view .LVU40
 157 0038 9B69     		ldr	r3, [r3, #24]
 158 003a 03F00803 		and	r3, r3, #8
 159 003e 0193     		str	r3, [sp, #4]
  71:Core/Src/usart.c ****     /**USART1 GPIO Configuration
 160              		.loc 1 71 5 view .LVU41
 161 0040 019B     		ldr	r3, [sp, #4]
 162              	.LBE3:
  71:Core/Src/usart.c ****     /**USART1 GPIO Configuration
 163              		.loc 1 71 5 view .LVU42
  76:Core/Src/usart.c ****     GPIO_InitStruct.Mode = GPIO_MODE_AF_PP;
 164              		.loc 1 76 5 view .LVU43
  76:Core/Src/usart.c ****     GPIO_InitStruct.Mode = GPIO_MODE_AF_PP;
 165              		.loc 1 76 25 is_stmt 0 view .LVU44
 166 0042 4023     		movs	r3, #64
 167 0044 0293     		str	r3, [sp, #8]
  77:Core/Src/usart.c ****     GPIO_InitStruct.Speed = GPIO_SPEED_FREQ_HIGH;
 168              		.loc 1 77 5 is_stmt 1 view .LVU45
  77:Core/Src/usart.c ****     GPIO_InitStruct.Speed = GPIO_SPEED_FREQ_HIGH;
 169              		.loc 1 77 26 is_stmt 0 view .LVU46
 170 0046 0223     		movs	r3, #2
 171 0048 0393     		str	r3, [sp, #12]
  78:Core/Src/usart.c ****     HAL_GPIO_Init(GPIOB, &GPIO_InitStruct);
 172              		.loc 1 78 5 is_stmt 1 view .LVU47
  78:Core/Src/usart.c ****     HAL_GPIO_Init(GPIOB, &GPIO_InitStruct);
 173              		.loc 1 78 27 is_stmt 0 view .LVU48
 174 004a 0323     		movs	r3, #3
 175 004c 0593     		str	r3, [sp, #20]
  79:Core/Src/usart.c **** 
 176              		.loc 1 79 5 is_stmt 1 view .LVU49
ARM GAS  /tmp/ccTaUe89.s 			page 6


 177 004e 0C4C     		ldr	r4, .L11+4
 178 0050 02A9     		add	r1, sp, #8
 179 0052 2046     		mov	r0, r4
 180              	.LVL5:
  79:Core/Src/usart.c **** 
 181              		.loc 1 79 5 is_stmt 0 view .LVU50
 182 0054 FFF7FEFF 		bl	HAL_GPIO_Init
 183              	.LVL6:
  81:Core/Src/usart.c ****     GPIO_InitStruct.Mode = GPIO_MODE_INPUT;
 184              		.loc 1 81 5 is_stmt 1 view .LVU51
  81:Core/Src/usart.c ****     GPIO_InitStruct.Mode = GPIO_MODE_INPUT;
 185              		.loc 1 81 25 is_stmt 0 view .LVU52
 186 0058 8023     		movs	r3, #128
 187 005a 0293     		str	r3, [sp, #8]
  82:Core/Src/usart.c ****     GPIO_InitStruct.Pull = GPIO_NOPULL;
 188              		.loc 1 82 5 is_stmt 1 view .LVU53
  82:Core/Src/usart.c ****     GPIO_InitStruct.Pull = GPIO_NOPULL;
 189              		.loc 1 82 26 is_stmt 0 view .LVU54
 190 005c 0023     		movs	r3, #0
 191 005e 0393     		str	r3, [sp, #12]
  83:Core/Src/usart.c ****     HAL_GPIO_Init(GPIOB, &GPIO_InitStruct);
 192              		.loc 1 83 5 is_stmt 1 view .LVU55
  83:Core/Src/usart.c ****     HAL_GPIO_Init(GPIOB, &GPIO_InitStruct);
 193              		.loc 1 83 26 is_stmt 0 view .LVU56
 194 0060 0493     		str	r3, [sp, #16]
  84:Core/Src/usart.c **** 
 195              		.loc 1 84 5 is_stmt 1 view .LVU57
 196 0062 02A9     		add	r1, sp, #8
 197 0064 2046     		mov	r0, r4
 198 0066 FFF7FEFF 		bl	HAL_GPIO_Init
 199              	.LVL7:
  86:Core/Src/usart.c **** 
 200              		.loc 1 86 5 view .LVU58
 201              	.LBB4:
  86:Core/Src/usart.c **** 
 202              		.loc 1 86 5 view .LVU59
 203 006a 064A     		ldr	r2, .L11+8
 204 006c 5368     		ldr	r3, [r2, #4]
 205              	.LVL8:
  86:Core/Src/usart.c **** 
 206              		.loc 1 86 5 view .LVU60
  86:Core/Src/usart.c **** 
 207              		.loc 1 86 5 view .LVU61
 208 006e 43F0E063 		orr	r3, r3, #117440512
 209              	.LVL9:
  86:Core/Src/usart.c **** 
 210              		.loc 1 86 5 is_stmt 0 view .LVU62
 211 0072 43F00403 		orr	r3, r3, #4
 212              	.LVL10:
  86:Core/Src/usart.c **** 
 213              		.loc 1 86 5 is_stmt 1 view .LVU63
 214 0076 5360     		str	r3, [r2, #4]
 215              	.LBE4:
  86:Core/Src/usart.c **** 
 216              		.loc 1 86 5 discriminator 1 view .LVU64
 217              		.loc 1 92 1 is_stmt 0 view .LVU65
 218 0078 CDE7     		b	.L7
ARM GAS  /tmp/ccTaUe89.s 			page 7


 219              	.L12:
 220 007a 00BF     		.align	2
 221              	.L11:
 222 007c 00380140 		.word	1073821696
 223 0080 000C0140 		.word	1073810432
 224 0084 00000140 		.word	1073807360
 225              		.cfi_endproc
 226              	.LFE66:
 228              		.section	.text.HAL_UART_MspDeInit,"ax",%progbits
 229              		.align	1
 230              		.global	HAL_UART_MspDeInit
 231              		.syntax unified
 232              		.thumb
 233              		.thumb_func
 235              	HAL_UART_MspDeInit:
 236              	.LVL11:
 237              	.LFB67:
  93:Core/Src/usart.c **** 
  94:Core/Src/usart.c **** void HAL_UART_MspDeInit(UART_HandleTypeDef* uartHandle)
  95:Core/Src/usart.c **** {
 238              		.loc 1 95 1 is_stmt 1 view -0
 239              		.cfi_startproc
 240              		@ args = 0, pretend = 0, frame = 0
 241              		@ frame_needed = 0, uses_anonymous_args = 0
 242              		.loc 1 95 1 is_stmt 0 view .LVU67
 243 0000 08B5     		push	{r3, lr}
 244              		.cfi_def_cfa_offset 8
 245              		.cfi_offset 3, -8
 246              		.cfi_offset 14, -4
  96:Core/Src/usart.c **** 
  97:Core/Src/usart.c ****   if(uartHandle->Instance==USART1)
 247              		.loc 1 97 3 is_stmt 1 view .LVU68
 248              		.loc 1 97 16 is_stmt 0 view .LVU69
 249 0002 0268     		ldr	r2, [r0]
 250              		.loc 1 97 5 view .LVU70
 251 0004 064B     		ldr	r3, .L17
 252 0006 9A42     		cmp	r2, r3
 253 0008 00D0     		beq	.L16
 254              	.LVL12:
 255              	.L13:
  98:Core/Src/usart.c ****   {
  99:Core/Src/usart.c ****   /* USER CODE BEGIN USART1_MspDeInit 0 */
 100:Core/Src/usart.c **** 
 101:Core/Src/usart.c ****   /* USER CODE END USART1_MspDeInit 0 */
 102:Core/Src/usart.c ****     /* Peripheral clock disable */
 103:Core/Src/usart.c ****     __HAL_RCC_USART1_CLK_DISABLE();
 104:Core/Src/usart.c **** 
 105:Core/Src/usart.c ****     /**USART1 GPIO Configuration
 106:Core/Src/usart.c ****     PB6     ------> USART1_TX
 107:Core/Src/usart.c ****     PB7     ------> USART1_RX
 108:Core/Src/usart.c ****     */
 109:Core/Src/usart.c ****     HAL_GPIO_DeInit(GPIOB, GPIO_PIN_6|GPIO_PIN_7);
 110:Core/Src/usart.c **** 
 111:Core/Src/usart.c ****   /* USER CODE BEGIN USART1_MspDeInit 1 */
 112:Core/Src/usart.c **** 
 113:Core/Src/usart.c ****   /* USER CODE END USART1_MspDeInit 1 */
 114:Core/Src/usart.c ****   }
ARM GAS  /tmp/ccTaUe89.s 			page 8


 115:Core/Src/usart.c **** }
 256              		.loc 1 115 1 view .LVU71
 257 000a 08BD     		pop	{r3, pc}
 258              	.LVL13:
 259              	.L16:
 103:Core/Src/usart.c **** 
 260              		.loc 1 103 5 is_stmt 1 view .LVU72
 261 000c 054A     		ldr	r2, .L17+4
 262 000e 9369     		ldr	r3, [r2, #24]
 263 0010 23F48043 		bic	r3, r3, #16384
 264 0014 9361     		str	r3, [r2, #24]
 109:Core/Src/usart.c **** 
 265              		.loc 1 109 5 view .LVU73
 266 0016 C021     		movs	r1, #192
 267 0018 0348     		ldr	r0, .L17+8
 268              	.LVL14:
 109:Core/Src/usart.c **** 
 269              		.loc 1 109 5 is_stmt 0 view .LVU74
 270 001a FFF7FEFF 		bl	HAL_GPIO_DeInit
 271              	.LVL15:
 272              		.loc 1 115 1 view .LVU75
 273 001e F4E7     		b	.L13
 274              	.L18:
 275              		.align	2
 276              	.L17:
 277 0020 00380140 		.word	1073821696
 278 0024 00100240 		.word	1073876992
 279 0028 000C0140 		.word	1073810432
 280              		.cfi_endproc
 281              	.LFE67:
 283              		.global	huart1
 284              		.section	.bss.huart1,"aw",%nobits
 285              		.align	2
 288              	huart1:
 289 0000 00000000 		.space	72
 289      00000000 
 289      00000000 
 289      00000000 
 289      00000000 
 290              		.text
 291              	.Letext0:
 292              		.file 2 "/home/sarthak/.config/Code/User/globalStorage/bmd.stm32-for-vscode/@xpack-dev-tools/arm-n
 293              		.file 3 "/home/sarthak/.config/Code/User/globalStorage/bmd.stm32-for-vscode/@xpack-dev-tools/arm-n
 294              		.file 4 "Drivers/CMSIS/Device/ST/STM32F1xx/Include/stm32f103x6.h"
 295              		.file 5 "Drivers/STM32F1xx_HAL_Driver/Inc/stm32f1xx_hal_def.h"
 296              		.file 6 "Drivers/STM32F1xx_HAL_Driver/Inc/stm32f1xx_hal_gpio.h"
 297              		.file 7 "Drivers/STM32F1xx_HAL_Driver/Inc/stm32f1xx_hal_dma.h"
 298              		.file 8 "Drivers/STM32F1xx_HAL_Driver/Inc/stm32f1xx_hal_uart.h"
 299              		.file 9 "Core/Inc/usart.h"
 300              		.file 10 "Core/Inc/main.h"
ARM GAS  /tmp/ccTaUe89.s 			page 9


DEFINED SYMBOLS
                            *ABS*:00000000 usart.c
     /tmp/ccTaUe89.s:19     .text.MX_USART1_UART_Init:00000000 $t
     /tmp/ccTaUe89.s:25     .text.MX_USART1_UART_Init:00000000 MX_USART1_UART_Init
     /tmp/ccTaUe89.s:82     .text.MX_USART1_UART_Init:0000002c $d
     /tmp/ccTaUe89.s:288    .bss.huart1:00000000 huart1
     /tmp/ccTaUe89.s:88     .text.HAL_UART_MspInit:00000000 $t
     /tmp/ccTaUe89.s:94     .text.HAL_UART_MspInit:00000000 HAL_UART_MspInit
     /tmp/ccTaUe89.s:222    .text.HAL_UART_MspInit:0000007c $d
     /tmp/ccTaUe89.s:229    .text.HAL_UART_MspDeInit:00000000 $t
     /tmp/ccTaUe89.s:235    .text.HAL_UART_MspDeInit:00000000 HAL_UART_MspDeInit
     /tmp/ccTaUe89.s:277    .text.HAL_UART_MspDeInit:00000020 $d
     /tmp/ccTaUe89.s:285    .bss.huart1:00000000 $d

UNDEFINED SYMBOLS
HAL_UART_Init
Error_Handler
HAL_GPIO_Init
HAL_GPIO_DeInit
