ARM GAS  /tmp/ccE36425.s 			page 1


   1              		.cpu cortex-m3
   2              		.arch armv7-m
   3              		.fpu softvfp
   4              		.eabi_attribute 20, 1
   5              		.eabi_attribute 21, 1
   6              		.eabi_attribute 23, 3
   7              		.eabi_attribute 24, 1
   8              		.eabi_attribute 25, 1
   9              		.eabi_attribute 26, 1
  10              		.eabi_attribute 30, 1
  11              		.eabi_attribute 34, 1
  12              		.eabi_attribute 18, 4
  13              		.file	"lsm9ds0.c"
  14              		.text
  15              	.Ltext0:
  16              		.cfi_sections	.debug_frame
  17              		.file 1 "Core/Src/lsm9ds0.c"
  18              		.section	.text.check,"ax",%progbits
  19              		.align	1
  20              		.global	check
  21              		.syntax unified
  22              		.thumb
  23              		.thumb_func
  25              	check:
  26              	.LVL0:
  27              	.LFB68:
   1:Core/Src/lsm9ds0.c **** /*
   2:Core/Src/lsm9ds0.c ****  * lsm9ds0.c
   3:Core/Src/lsm9ds0.c ****  *
   4:Core/Src/lsm9ds0.c ****  *  Created on: May 23, 2024
   5:Core/Src/lsm9ds0.c ****  *      Author: 077bm
   6:Core/Src/lsm9ds0.c ****  */
   7:Core/Src/lsm9ds0.c **** 
   8:Core/Src/lsm9ds0.c **** 
   9:Core/Src/lsm9ds0.c **** #include "lsm9ds0.h"
  10:Core/Src/lsm9ds0.c **** #include "stdio.h"
  11:Core/Src/lsm9ds0.c **** extern I2C_HandleTypeDef hi2c1;  // change your handler here accordingly
  12:Core/Src/lsm9ds0.c **** 
  13:Core/Src/lsm9ds0.c **** 
  14:Core/Src/lsm9ds0.c **** void check(HAL_StatusTypeDef test, char succ[], char fail[])
  15:Core/Src/lsm9ds0.c **** {
  28              		.loc 1 15 1 view -0
  29              		.cfi_startproc
  30              		@ args = 0, pretend = 0, frame = 0
  31              		@ frame_needed = 0, uses_anonymous_args = 0
  32              		.loc 1 15 1 is_stmt 0 view .LVU1
  33 0000 08B5     		push	{r3, lr}
  34              		.cfi_def_cfa_offset 8
  35              		.cfi_offset 3, -8
  36              		.cfi_offset 14, -4
  16:Core/Src/lsm9ds0.c ****   if (test == HAL_OK)
  37              		.loc 1 16 3 is_stmt 1 view .LVU2
  38              		.loc 1 16 6 is_stmt 0 view .LVU3
  39 0002 18B9     		cbnz	r0, .L2
  17:Core/Src/lsm9ds0.c ****   {
  18:Core/Src/lsm9ds0.c ****     printf("%s\n", succ);
  40              		.loc 1 18 5 is_stmt 1 view .LVU4
ARM GAS  /tmp/ccE36425.s 			page 2


  41 0004 0846     		mov	r0, r1
  42              	.LVL1:
  43              		.loc 1 18 5 is_stmt 0 view .LVU5
  44 0006 FFF7FEFF 		bl	puts
  45              	.LVL2:
  46              	.L1:
  19:Core/Src/lsm9ds0.c ****   }
  20:Core/Src/lsm9ds0.c ****   else
  21:Core/Src/lsm9ds0.c ****   {
  22:Core/Src/lsm9ds0.c ****     printf("%s\n", fail);
  23:Core/Src/lsm9ds0.c ****   }
  24:Core/Src/lsm9ds0.c **** }
  47              		.loc 1 24 1 view .LVU6
  48 000a 08BD     		pop	{r3, pc}
  49              	.LVL3:
  50              	.L2:
  22:Core/Src/lsm9ds0.c ****   }
  51              		.loc 1 22 5 is_stmt 1 view .LVU7
  52 000c 1046     		mov	r0, r2
  53              	.LVL4:
  22:Core/Src/lsm9ds0.c ****   }
  54              		.loc 1 22 5 is_stmt 0 view .LVU8
  55 000e FFF7FEFF 		bl	puts
  56              	.LVL5:
  57              		.loc 1 24 1 view .LVU9
  58 0012 FAE7     		b	.L1
  59              		.cfi_endproc
  60              	.LFE68:
  62              		.section	.rodata.LSM9DS0_Init.str1.4,"aMS",%progbits,1
  63              		.align	2
  64              	.LC0:
  65 0000 30782558 		.ascii	"0x%X\012\000"
  65      0A00
  66 0006 0000     		.align	2
  67              	.LC1:
  68 0008 57484F5F 		.ascii	"WHO_AM_I_XM mismatch: 0x%X\015\012\000"
  68      414D5F49 
  68      5F584D20 
  68      6D69736D 
  68      61746368 
  69 0025 000000   		.align	2
  70              	.LC2:
  71 0028 57484F5F 		.ascii	"WHO_AM_I_XM match:0x%X\015\012\000"
  71      414D5F49 
  71      5F584D20 
  71      6D617463 
  71      683A3078 
  72 0041 000000   		.align	2
  73              	.LC3:
  74 0044 6E6F7420 		.ascii	"not OK\000"
  74      4F4B00
  75 004b 00       		.align	2
  76              	.LC4:
  77 004c 4F4B00   		.ascii	"OK\000"
  78 004f 00       		.align	2
  79              	.LC5:
  80 0050 57484F5F 		.ascii	"WHO_AM_I_G mismatch: 0x%X\015\012\000"
ARM GAS  /tmp/ccE36425.s 			page 3


  80      414D5F49 
  80      5F47206D 
  80      69736D61 
  80      7463683A 
  81              		.section	.text.LSM9DS0_Init,"ax",%progbits
  82              		.align	1
  83              		.global	LSM9DS0_Init
  84              		.syntax unified
  85              		.thumb
  86              		.thumb_func
  88              	LSM9DS0_Init:
  89              	.LFB69:
  25:Core/Src/lsm9ds0.c **** 
  26:Core/Src/lsm9ds0.c **** /**
  27:Core/Src/lsm9ds0.c ****  * @brief initialize the lsm9ds0 imu.
  28:Core/Src/lsm9ds0.c ****  *
  29:Core/Src/lsm9ds0.c ****  * @param none
  30:Core/Src/lsm9ds0.c ****  * @retval none
  31:Core/Src/lsm9ds0.c ****  */
  32:Core/Src/lsm9ds0.c **** void LSM9DS0_Init(void)
  33:Core/Src/lsm9ds0.c **** {
  90              		.loc 1 33 1 is_stmt 1 view -0
  91              		.cfi_startproc
  92              		@ args = 0, pretend = 0, frame = 8
  93              		@ frame_needed = 0, uses_anonymous_args = 0
  94 0000 F0B5     		push	{r4, r5, r6, r7, lr}
  95              		.cfi_def_cfa_offset 20
  96              		.cfi_offset 4, -20
  97              		.cfi_offset 5, -16
  98              		.cfi_offset 6, -12
  99              		.cfi_offset 7, -8
 100              		.cfi_offset 14, -4
 101 0002 87B0     		sub	sp, sp, #28
 102              		.cfi_def_cfa_offset 48
  34:Core/Src/lsm9ds0.c ****     uint8_t data;
 103              		.loc 1 34 5 view .LVU11
  35:Core/Src/lsm9ds0.c **** 
  36:Core/Src/lsm9ds0.c ****     // Check WHO_AM_I register for accelerometer/magnetometer
  37:Core/Src/lsm9ds0.c ****     HAL_I2C_Mem_Read(&hi2c1, LSM9DS0_ADDRESS_ACCEL_MAG , WHO_AM_I_XM, 1, &data, 1, HAL_MAX_DELAY);
 104              		.loc 1 37 5 view .LVU12
 105 0004 4FF0FF33 		mov	r3, #-1
 106 0008 0293     		str	r3, [sp, #8]
 107 000a 0123     		movs	r3, #1
 108 000c 0193     		str	r3, [sp, #4]
 109 000e 0DF11702 		add	r2, sp, #23
 110 0012 0092     		str	r2, [sp]
 111 0014 0F22     		movs	r2, #15
 112 0016 1D21     		movs	r1, #29
 113 0018 3648     		ldr	r0, .L11
 114 001a FFF7FEFF 		bl	HAL_I2C_Mem_Read
 115              	.LVL6:
  38:Core/Src/lsm9ds0.c ****     printf("0x%X\n",data);
 116              		.loc 1 38 5 view .LVU13
 117 001e 9DF81710 		ldrb	r1, [sp, #23]	@ zero_extendqisi2
 118 0022 3548     		ldr	r0, .L11+4
 119 0024 FFF7FEFF 		bl	printf
 120              	.LVL7:
ARM GAS  /tmp/ccE36425.s 			page 4


  39:Core/Src/lsm9ds0.c ****     if (data != 0x49) // WHO_AM_I should return 0x49 for LSM9DS0 Accel/Mag
 121              		.loc 1 39 5 view .LVU14
 122              		.loc 1 39 14 is_stmt 0 view .LVU15
 123 0028 9DF81710 		ldrb	r1, [sp, #23]	@ zero_extendqisi2
 124              		.loc 1 39 8 view .LVU16
 125 002c 4929     		cmp	r1, #73
 126 002e 59D0     		beq	.L6
  40:Core/Src/lsm9ds0.c ****     {
  41:Core/Src/lsm9ds0.c ****         printf("WHO_AM_I_XM mismatch: 0x%X\r\n", data);
 127              		.loc 1 41 9 is_stmt 1 view .LVU17
 128 0030 3248     		ldr	r0, .L11+8
 129 0032 FFF7FEFF 		bl	printf
 130              	.LVL8:
 131              	.L7:
  42:Core/Src/lsm9ds0.c ****     }
  43:Core/Src/lsm9ds0.c ****     else
  44:Core/Src/lsm9ds0.c ****     {
  45:Core/Src/lsm9ds0.c ****       printf("WHO_AM_I_XM match:0x%X\r\n", data);
  46:Core/Src/lsm9ds0.c ****     }
  47:Core/Src/lsm9ds0.c ****     data = 0;
 132              		.loc 1 47 5 view .LVU18
 133              		.loc 1 47 10 is_stmt 0 view .LVU19
 134 0036 0023     		movs	r3, #0
 135 0038 8DF81730 		strb	r3, [sp, #23]
  48:Core/Src/lsm9ds0.c ****     HAL_StatusTypeDef test =  HAL_I2C_Mem_Read(&hi2c1, LSM9DS0_ADDRESS_G, WHO_AM_I_G, I2C_MEMADD_SI
 136              		.loc 1 48 5 is_stmt 1 view .LVU20
 137              		.loc 1 48 31 is_stmt 0 view .LVU21
 138 003c 4FF0FF33 		mov	r3, #-1
 139 0040 0293     		str	r3, [sp, #8]
 140 0042 0123     		movs	r3, #1
 141 0044 0193     		str	r3, [sp, #4]
 142 0046 0DF11702 		add	r2, sp, #23
 143 004a 0092     		str	r2, [sp]
 144 004c 0F22     		movs	r2, #15
 145 004e 6B21     		movs	r1, #107
 146 0050 2848     		ldr	r0, .L11
 147 0052 FFF7FEFF 		bl	HAL_I2C_Mem_Read
 148              	.LVL9:
 149 0056 0446     		mov	r4, r0
 150              	.LVL10:
  49:Core/Src/lsm9ds0.c ****     printf("0x%X\n",data);
 151              		.loc 1 49 5 is_stmt 1 view .LVU22
 152 0058 9DF81710 		ldrb	r1, [sp, #23]	@ zero_extendqisi2
 153 005c 2648     		ldr	r0, .L11+4
 154 005e FFF7FEFF 		bl	printf
 155              	.LVL11:
  50:Core/Src/lsm9ds0.c ****     check(test,"OK","not OK");
 156              		.loc 1 50 5 view .LVU23
 157 0062 274A     		ldr	r2, .L11+12
 158 0064 2749     		ldr	r1, .L11+16
 159 0066 2046     		mov	r0, r4
 160 0068 FFF7FEFF 		bl	check
 161              	.LVL12:
  51:Core/Src/lsm9ds0.c ****     if (data != 0xD4) // WHO_AM_I should return 0xD4 for LSM9DS0 Gyro
 162              		.loc 1 51 5 view .LVU24
 163              		.loc 1 51 14 is_stmt 0 view .LVU25
 164 006c 9DF81710 		ldrb	r1, [sp, #23]	@ zero_extendqisi2
ARM GAS  /tmp/ccE36425.s 			page 5


 165              		.loc 1 51 8 view .LVU26
 166 0070 D429     		cmp	r1, #212
 167 0072 3BD1     		bne	.L10
 168              	.L8:
  52:Core/Src/lsm9ds0.c ****     {
  53:Core/Src/lsm9ds0.c ****         printf("WHO_AM_I_G mismatch: 0x%X\r\n", data);
  54:Core/Src/lsm9ds0.c ****     }
  55:Core/Src/lsm9ds0.c **** 
  56:Core/Src/lsm9ds0.c ****     // Initialize CTRL_REG1_XM (accelerometer control) to 0x57 (100 Hz ODR, all axes enabled)
  57:Core/Src/lsm9ds0.c ****     data = 0x57;
 169              		.loc 1 57 5 is_stmt 1 view .LVU27
 170              		.loc 1 57 10 is_stmt 0 view .LVU28
 171 0074 5723     		movs	r3, #87
 172 0076 8DF81730 		strb	r3, [sp, #23]
  58:Core/Src/lsm9ds0.c ****     HAL_I2C_Mem_Write(&hi2c1, LSM9DS0_ADDRESS_ACCEL_MAG, CTRL_REG1_XM, I2C_MEMADD_SIZE_8BIT, &data,
 173              		.loc 1 58 5 is_stmt 1 view .LVU29
 174 007a 1E4D     		ldr	r5, .L11
 175 007c 4FF0FF37 		mov	r7, #-1
 176 0080 0297     		str	r7, [sp, #8]
 177 0082 0124     		movs	r4, #1
 178              	.LVL13:
 179              		.loc 1 58 5 is_stmt 0 view .LVU30
 180 0084 0194     		str	r4, [sp, #4]
 181 0086 0DF11706 		add	r6, sp, #23
 182 008a 0096     		str	r6, [sp]
 183 008c 2346     		mov	r3, r4
 184 008e 2022     		movs	r2, #32
 185 0090 1D21     		movs	r1, #29
 186 0092 2846     		mov	r0, r5
 187 0094 FFF7FEFF 		bl	HAL_I2C_Mem_Write
 188              	.LVL14:
  59:Core/Src/lsm9ds0.c **** 
  60:Core/Src/lsm9ds0.c ****     // // Initialize CTRL_REG5_XM (magnetometer control) to 0x64 (temperature sensor disabled, high
  61:Core/Src/lsm9ds0.c ****     data = 0x64;
 189              		.loc 1 61 5 is_stmt 1 view .LVU31
 190              		.loc 1 61 10 is_stmt 0 view .LVU32
 191 0098 6423     		movs	r3, #100
 192 009a 8DF81730 		strb	r3, [sp, #23]
  62:Core/Src/lsm9ds0.c ****     HAL_I2C_Mem_Write(&hi2c1, LSM9DS0_ADDRESS_ACCEL_MAG, CTRL_REG5_XM, I2C_MEMADD_SIZE_8BIT, &data,
 193              		.loc 1 62 5 is_stmt 1 view .LVU33
 194 009e 0297     		str	r7, [sp, #8]
 195 00a0 0194     		str	r4, [sp, #4]
 196 00a2 0096     		str	r6, [sp]
 197 00a4 2346     		mov	r3, r4
 198 00a6 2422     		movs	r2, #36
 199 00a8 1D21     		movs	r1, #29
 200 00aa 2846     		mov	r0, r5
 201 00ac FFF7FEFF 		bl	HAL_I2C_Mem_Write
 202              	.LVL15:
  63:Core/Src/lsm9ds0.c **** 
  64:Core/Src/lsm9ds0.c ****     // Initialize CTRL_REG7_XM (magnetometer control) to 0x00 (continuous conversion mode)
  65:Core/Src/lsm9ds0.c ****     data = 0x00;
 203              		.loc 1 65 5 view .LVU34
 204              		.loc 1 65 10 is_stmt 0 view .LVU35
 205 00b0 0023     		movs	r3, #0
 206 00b2 8DF81730 		strb	r3, [sp, #23]
  66:Core/Src/lsm9ds0.c ****     HAL_I2C_Mem_Write(&hi2c1, LSM9DS0_ADDRESS_ACCEL_MAG, CTRL_REG7_XM, I2C_MEMADD_SIZE_8BIT, &data,
ARM GAS  /tmp/ccE36425.s 			page 6


 207              		.loc 1 66 5 is_stmt 1 view .LVU36
 208 00b6 0297     		str	r7, [sp, #8]
 209 00b8 0194     		str	r4, [sp, #4]
 210 00ba 0096     		str	r6, [sp]
 211 00bc 2346     		mov	r3, r4
 212 00be 2622     		movs	r2, #38
 213 00c0 1D21     		movs	r1, #29
 214 00c2 2846     		mov	r0, r5
 215 00c4 FFF7FEFF 		bl	HAL_I2C_Mem_Write
 216              	.LVL16:
  67:Core/Src/lsm9ds0.c **** 
  68:Core/Src/lsm9ds0.c ****     // Initialize CTRL_REG1_G to 0x0F (normal mode, enable all axes, 95Hz ODR)
  69:Core/Src/lsm9ds0.c ****     data = 0x0F;
 217              		.loc 1 69 5 view .LVU37
 218              		.loc 1 69 10 is_stmt 0 view .LVU38
 219 00c8 0F23     		movs	r3, #15
 220 00ca 8DF81730 		strb	r3, [sp, #23]
  70:Core/Src/lsm9ds0.c ****     HAL_I2C_Mem_Write(&hi2c1, LSM9DS0_ADDRESS_G, CTRL_REG1_G, I2C_MEMADD_SIZE_8BIT, &data, 1, HAL_M
 221              		.loc 1 70 5 is_stmt 1 view .LVU39
 222 00ce 0297     		str	r7, [sp, #8]
 223 00d0 0194     		str	r4, [sp, #4]
 224 00d2 0096     		str	r6, [sp]
 225 00d4 2346     		mov	r3, r4
 226 00d6 2022     		movs	r2, #32
 227 00d8 6B21     		movs	r1, #107
 228 00da 2846     		mov	r0, r5
 229 00dc FFF7FEFF 		bl	HAL_I2C_Mem_Write
 230              	.LVL17:
  71:Core/Src/lsm9ds0.c **** }
 231              		.loc 1 71 1 is_stmt 0 view .LVU40
 232 00e0 07B0     		add	sp, sp, #28
 233              		.cfi_remember_state
 234              		.cfi_def_cfa_offset 20
 235              		@ sp needed
 236 00e2 F0BD     		pop	{r4, r5, r6, r7, pc}
 237              	.LVL18:
 238              	.L6:
 239              		.cfi_restore_state
  45:Core/Src/lsm9ds0.c ****     }
 240              		.loc 1 45 7 is_stmt 1 view .LVU41
 241 00e4 0848     		ldr	r0, .L11+20
 242 00e6 FFF7FEFF 		bl	printf
 243              	.LVL19:
 244 00ea A4E7     		b	.L7
 245              	.LVL20:
 246              	.L10:
  53:Core/Src/lsm9ds0.c ****     }
 247              		.loc 1 53 9 view .LVU42
 248 00ec 0748     		ldr	r0, .L11+24
 249 00ee FFF7FEFF 		bl	printf
 250              	.LVL21:
 251 00f2 BFE7     		b	.L8
 252              	.L12:
 253              		.align	2
 254              	.L11:
 255 00f4 00000000 		.word	hi2c1
 256 00f8 00000000 		.word	.LC0
ARM GAS  /tmp/ccE36425.s 			page 7


 257 00fc 08000000 		.word	.LC1
 258 0100 44000000 		.word	.LC3
 259 0104 4C000000 		.word	.LC4
 260 0108 28000000 		.word	.LC2
 261 010c 50000000 		.word	.LC5
 262              		.cfi_endproc
 263              	.LFE69:
 265              		.section	.text.LSM9DS0_ReadAccel,"ax",%progbits
 266              		.align	1
 267              		.global	LSM9DS0_ReadAccel
 268              		.syntax unified
 269              		.thumb
 270              		.thumb_func
 272              	LSM9DS0_ReadAccel:
 273              	.LVL22:
 274              	.LFB70:
  72:Core/Src/lsm9ds0.c **** 
  73:Core/Src/lsm9ds0.c **** 
  74:Core/Src/lsm9ds0.c **** void LSM9DS0_ReadAccel(int16_t* ax, int16_t* ay, int16_t* az)
  75:Core/Src/lsm9ds0.c **** {
 275              		.loc 1 75 1 view -0
 276              		.cfi_startproc
 277              		@ args = 0, pretend = 0, frame = 8
 278              		@ frame_needed = 0, uses_anonymous_args = 0
 279              		.loc 1 75 1 is_stmt 0 view .LVU44
 280 0000 70B5     		push	{r4, r5, r6, lr}
 281              		.cfi_def_cfa_offset 16
 282              		.cfi_offset 4, -16
 283              		.cfi_offset 5, -12
 284              		.cfi_offset 6, -8
 285              		.cfi_offset 14, -4
 286 0002 86B0     		sub	sp, sp, #24
 287              		.cfi_def_cfa_offset 40
 288 0004 0646     		mov	r6, r0
 289 0006 0D46     		mov	r5, r1
 290 0008 1446     		mov	r4, r2
  76:Core/Src/lsm9ds0.c ****     uint8_t data[6];
 291              		.loc 1 76 5 is_stmt 1 view .LVU45
  77:Core/Src/lsm9ds0.c **** 
  78:Core/Src/lsm9ds0.c ****     // Read 6 bytes of accelerometer data starting from OUT_X_L_A
  79:Core/Src/lsm9ds0.c ****     HAL_I2C_Mem_Read(&hi2c1, LSM9DS0_ADDRESS_ACCEL_MAG, OUT_X_L_A | 0x80, I2C_MEMADD_SIZE_8BIT, dat
 292              		.loc 1 79 5 view .LVU46
 293 000a 4FF0FF33 		mov	r3, #-1
 294 000e 0293     		str	r3, [sp, #8]
 295 0010 0623     		movs	r3, #6
 296 0012 0193     		str	r3, [sp, #4]
 297 0014 04AB     		add	r3, sp, #16
 298 0016 0093     		str	r3, [sp]
 299 0018 0123     		movs	r3, #1
 300 001a A822     		movs	r2, #168
 301              	.LVL23:
 302              		.loc 1 79 5 is_stmt 0 view .LVU47
 303 001c 1D21     		movs	r1, #29
 304              	.LVL24:
 305              		.loc 1 79 5 view .LVU48
 306 001e 0D48     		ldr	r0, .L15
 307              	.LVL25:
ARM GAS  /tmp/ccE36425.s 			page 8


 308              		.loc 1 79 5 view .LVU49
 309 0020 FFF7FEFF 		bl	HAL_I2C_Mem_Read
 310              	.LVL26:
  80:Core/Src/lsm9ds0.c **** 
  81:Core/Src/lsm9ds0.c ****     *ax = (int16_t)(data[1] << 8 | data[0]);
 311              		.loc 1 81 5 is_stmt 1 view .LVU50
 312              		.loc 1 81 25 is_stmt 0 view .LVU51
 313 0024 9DF81120 		ldrb	r2, [sp, #17]	@ zero_extendqisi2
 314              		.loc 1 81 40 view .LVU52
 315 0028 9DF81030 		ldrb	r3, [sp, #16]	@ zero_extendqisi2
 316              		.loc 1 81 11 view .LVU53
 317 002c 43EA0223 		orr	r3, r3, r2, lsl #8
 318              		.loc 1 81 9 view .LVU54
 319 0030 3380     		strh	r3, [r6]	@ movhi
  82:Core/Src/lsm9ds0.c ****     *ay = (int16_t)(data[3] << 8 | data[2]);
 320              		.loc 1 82 5 is_stmt 1 view .LVU55
 321              		.loc 1 82 25 is_stmt 0 view .LVU56
 322 0032 9DF81320 		ldrb	r2, [sp, #19]	@ zero_extendqisi2
 323              		.loc 1 82 40 view .LVU57
 324 0036 9DF81230 		ldrb	r3, [sp, #18]	@ zero_extendqisi2
 325              		.loc 1 82 11 view .LVU58
 326 003a 43EA0223 		orr	r3, r3, r2, lsl #8
 327              		.loc 1 82 9 view .LVU59
 328 003e 2B80     		strh	r3, [r5]	@ movhi
  83:Core/Src/lsm9ds0.c ****     *az = (int16_t)(data[5] << 8 | data[4]);
 329              		.loc 1 83 5 is_stmt 1 view .LVU60
 330              		.loc 1 83 25 is_stmt 0 view .LVU61
 331 0040 9DF81520 		ldrb	r2, [sp, #21]	@ zero_extendqisi2
 332              		.loc 1 83 40 view .LVU62
 333 0044 9DF81430 		ldrb	r3, [sp, #20]	@ zero_extendqisi2
 334              		.loc 1 83 11 view .LVU63
 335 0048 43EA0223 		orr	r3, r3, r2, lsl #8
 336              		.loc 1 83 9 view .LVU64
 337 004c 2380     		strh	r3, [r4]	@ movhi
  84:Core/Src/lsm9ds0.c **** }
 338              		.loc 1 84 1 view .LVU65
 339 004e 06B0     		add	sp, sp, #24
 340              		.cfi_def_cfa_offset 16
 341              		@ sp needed
 342 0050 70BD     		pop	{r4, r5, r6, pc}
 343              	.LVL27:
 344              	.L16:
 345              		.loc 1 84 1 view .LVU66
 346 0052 00BF     		.align	2
 347              	.L15:
 348 0054 00000000 		.word	hi2c1
 349              		.cfi_endproc
 350              	.LFE70:
 352              		.section	.text.LSM9DS0_ReadMag,"ax",%progbits
 353              		.align	1
 354              		.global	LSM9DS0_ReadMag
 355              		.syntax unified
 356              		.thumb
 357              		.thumb_func
 359              	LSM9DS0_ReadMag:
 360              	.LVL28:
 361              	.LFB71:
ARM GAS  /tmp/ccE36425.s 			page 9


  85:Core/Src/lsm9ds0.c **** 
  86:Core/Src/lsm9ds0.c **** void LSM9DS0_ReadMag(int16_t* mx, int16_t* my, int16_t* mz)
  87:Core/Src/lsm9ds0.c **** {
 362              		.loc 1 87 1 is_stmt 1 view -0
 363              		.cfi_startproc
 364              		@ args = 0, pretend = 0, frame = 8
 365              		@ frame_needed = 0, uses_anonymous_args = 0
 366              		.loc 1 87 1 is_stmt 0 view .LVU68
 367 0000 70B5     		push	{r4, r5, r6, lr}
 368              		.cfi_def_cfa_offset 16
 369              		.cfi_offset 4, -16
 370              		.cfi_offset 5, -12
 371              		.cfi_offset 6, -8
 372              		.cfi_offset 14, -4
 373 0002 86B0     		sub	sp, sp, #24
 374              		.cfi_def_cfa_offset 40
 375 0004 0646     		mov	r6, r0
 376 0006 0D46     		mov	r5, r1
 377 0008 1446     		mov	r4, r2
  88:Core/Src/lsm9ds0.c ****     uint8_t data[6];
 378              		.loc 1 88 5 is_stmt 1 view .LVU69
  89:Core/Src/lsm9ds0.c **** 
  90:Core/Src/lsm9ds0.c ****     // Read 6 bytes of magnetometer data starting from OUT_X_L_M
  91:Core/Src/lsm9ds0.c ****     HAL_I2C_Mem_Read(&hi2c1, LSM9DS0_ADDRESS_ACCEL_MAG, OUT_X_L_M | 0x80, I2C_MEMADD_SIZE_8BIT, dat
 379              		.loc 1 91 5 view .LVU70
 380 000a 4FF0FF33 		mov	r3, #-1
 381 000e 0293     		str	r3, [sp, #8]
 382 0010 0623     		movs	r3, #6
 383 0012 0193     		str	r3, [sp, #4]
 384 0014 04AB     		add	r3, sp, #16
 385 0016 0093     		str	r3, [sp]
 386 0018 0123     		movs	r3, #1
 387 001a 8822     		movs	r2, #136
 388              	.LVL29:
 389              		.loc 1 91 5 is_stmt 0 view .LVU71
 390 001c 1D21     		movs	r1, #29
 391              	.LVL30:
 392              		.loc 1 91 5 view .LVU72
 393 001e 0D48     		ldr	r0, .L19
 394              	.LVL31:
 395              		.loc 1 91 5 view .LVU73
 396 0020 FFF7FEFF 		bl	HAL_I2C_Mem_Read
 397              	.LVL32:
  92:Core/Src/lsm9ds0.c **** 
  93:Core/Src/lsm9ds0.c ****     *mx = (int16_t)(data[1] << 8 | data[0]);
 398              		.loc 1 93 5 is_stmt 1 view .LVU74
 399              		.loc 1 93 25 is_stmt 0 view .LVU75
 400 0024 9DF81120 		ldrb	r2, [sp, #17]	@ zero_extendqisi2
 401              		.loc 1 93 40 view .LVU76
 402 0028 9DF81030 		ldrb	r3, [sp, #16]	@ zero_extendqisi2
 403              		.loc 1 93 11 view .LVU77
 404 002c 43EA0223 		orr	r3, r3, r2, lsl #8
 405              		.loc 1 93 9 view .LVU78
 406 0030 3380     		strh	r3, [r6]	@ movhi
  94:Core/Src/lsm9ds0.c ****     *my = (int16_t)(data[3] << 8 | data[2]);
 407              		.loc 1 94 5 is_stmt 1 view .LVU79
 408              		.loc 1 94 25 is_stmt 0 view .LVU80
ARM GAS  /tmp/ccE36425.s 			page 10


 409 0032 9DF81320 		ldrb	r2, [sp, #19]	@ zero_extendqisi2
 410              		.loc 1 94 40 view .LVU81
 411 0036 9DF81230 		ldrb	r3, [sp, #18]	@ zero_extendqisi2
 412              		.loc 1 94 11 view .LVU82
 413 003a 43EA0223 		orr	r3, r3, r2, lsl #8
 414              		.loc 1 94 9 view .LVU83
 415 003e 2B80     		strh	r3, [r5]	@ movhi
  95:Core/Src/lsm9ds0.c ****     *mz = (int16_t)(data[5] << 8 | data[4]);
 416              		.loc 1 95 5 is_stmt 1 view .LVU84
 417              		.loc 1 95 25 is_stmt 0 view .LVU85
 418 0040 9DF81520 		ldrb	r2, [sp, #21]	@ zero_extendqisi2
 419              		.loc 1 95 40 view .LVU86
 420 0044 9DF81430 		ldrb	r3, [sp, #20]	@ zero_extendqisi2
 421              		.loc 1 95 11 view .LVU87
 422 0048 43EA0223 		orr	r3, r3, r2, lsl #8
 423              		.loc 1 95 9 view .LVU88
 424 004c 2380     		strh	r3, [r4]	@ movhi
  96:Core/Src/lsm9ds0.c **** }
 425              		.loc 1 96 1 view .LVU89
 426 004e 06B0     		add	sp, sp, #24
 427              		.cfi_def_cfa_offset 16
 428              		@ sp needed
 429 0050 70BD     		pop	{r4, r5, r6, pc}
 430              	.LVL33:
 431              	.L20:
 432              		.loc 1 96 1 view .LVU90
 433 0052 00BF     		.align	2
 434              	.L19:
 435 0054 00000000 		.word	hi2c1
 436              		.cfi_endproc
 437              	.LFE71:
 439              		.section	.text.LSM9DS0_ReadGyro,"ax",%progbits
 440              		.align	1
 441              		.global	LSM9DS0_ReadGyro
 442              		.syntax unified
 443              		.thumb
 444              		.thumb_func
 446              	LSM9DS0_ReadGyro:
 447              	.LVL34:
 448              	.LFB72:
  97:Core/Src/lsm9ds0.c **** 
  98:Core/Src/lsm9ds0.c **** void LSM9DS0_ReadGyro(int16_t* gx, int16_t* gy, int16_t* gz)
  99:Core/Src/lsm9ds0.c **** {
 449              		.loc 1 99 1 is_stmt 1 view -0
 450              		.cfi_startproc
 451              		@ args = 0, pretend = 0, frame = 8
 452              		@ frame_needed = 0, uses_anonymous_args = 0
 453              		.loc 1 99 1 is_stmt 0 view .LVU92
 454 0000 70B5     		push	{r4, r5, r6, lr}
 455              		.cfi_def_cfa_offset 16
 456              		.cfi_offset 4, -16
 457              		.cfi_offset 5, -12
 458              		.cfi_offset 6, -8
 459              		.cfi_offset 14, -4
 460 0002 86B0     		sub	sp, sp, #24
 461              		.cfi_def_cfa_offset 40
 462 0004 0646     		mov	r6, r0
ARM GAS  /tmp/ccE36425.s 			page 11


 463 0006 0D46     		mov	r5, r1
 464 0008 1446     		mov	r4, r2
 100:Core/Src/lsm9ds0.c ****     uint8_t data[6];
 465              		.loc 1 100 5 is_stmt 1 view .LVU93
 101:Core/Src/lsm9ds0.c **** 
 102:Core/Src/lsm9ds0.c ****     // Read 6 bytes of gyro data starting from OUT_X_L_G
 103:Core/Src/lsm9ds0.c ****     HAL_I2C_Mem_Read(&hi2c1, LSM9DS0_ADDRESS_G, OUT_X_L_G | 0x80, I2C_MEMADD_SIZE_8BIT, data, 6, HA
 466              		.loc 1 103 5 view .LVU94
 467 000a 4FF0FF33 		mov	r3, #-1
 468 000e 0293     		str	r3, [sp, #8]
 469 0010 0623     		movs	r3, #6
 470 0012 0193     		str	r3, [sp, #4]
 471 0014 04AB     		add	r3, sp, #16
 472 0016 0093     		str	r3, [sp]
 473 0018 0123     		movs	r3, #1
 474 001a A822     		movs	r2, #168
 475              	.LVL35:
 476              		.loc 1 103 5 is_stmt 0 view .LVU95
 477 001c 6B21     		movs	r1, #107
 478              	.LVL36:
 479              		.loc 1 103 5 view .LVU96
 480 001e 0D48     		ldr	r0, .L23
 481              	.LVL37:
 482              		.loc 1 103 5 view .LVU97
 483 0020 FFF7FEFF 		bl	HAL_I2C_Mem_Read
 484              	.LVL38:
 104:Core/Src/lsm9ds0.c **** 
 105:Core/Src/lsm9ds0.c ****     *gx = (int16_t)(data[1] << 8 | data[0]);
 485              		.loc 1 105 5 is_stmt 1 view .LVU98
 486              		.loc 1 105 25 is_stmt 0 view .LVU99
 487 0024 9DF81120 		ldrb	r2, [sp, #17]	@ zero_extendqisi2
 488              		.loc 1 105 40 view .LVU100
 489 0028 9DF81030 		ldrb	r3, [sp, #16]	@ zero_extendqisi2
 490              		.loc 1 105 11 view .LVU101
 491 002c 43EA0223 		orr	r3, r3, r2, lsl #8
 492              		.loc 1 105 9 view .LVU102
 493 0030 3380     		strh	r3, [r6]	@ movhi
 106:Core/Src/lsm9ds0.c ****     *gy = (int16_t)(data[3] << 8 | data[2]);
 494              		.loc 1 106 5 is_stmt 1 view .LVU103
 495              		.loc 1 106 25 is_stmt 0 view .LVU104
 496 0032 9DF81320 		ldrb	r2, [sp, #19]	@ zero_extendqisi2
 497              		.loc 1 106 40 view .LVU105
 498 0036 9DF81230 		ldrb	r3, [sp, #18]	@ zero_extendqisi2
 499              		.loc 1 106 11 view .LVU106
 500 003a 43EA0223 		orr	r3, r3, r2, lsl #8
 501              		.loc 1 106 9 view .LVU107
 502 003e 2B80     		strh	r3, [r5]	@ movhi
 107:Core/Src/lsm9ds0.c ****     *gz = (int16_t)(data[5] << 8 | data[4]);
 503              		.loc 1 107 5 is_stmt 1 view .LVU108
 504              		.loc 1 107 25 is_stmt 0 view .LVU109
 505 0040 9DF81520 		ldrb	r2, [sp, #21]	@ zero_extendqisi2
 506              		.loc 1 107 40 view .LVU110
 507 0044 9DF81430 		ldrb	r3, [sp, #20]	@ zero_extendqisi2
 508              		.loc 1 107 11 view .LVU111
 509 0048 43EA0223 		orr	r3, r3, r2, lsl #8
 510              		.loc 1 107 9 view .LVU112
 511 004c 2380     		strh	r3, [r4]	@ movhi
ARM GAS  /tmp/ccE36425.s 			page 12


 108:Core/Src/lsm9ds0.c **** }
 512              		.loc 1 108 1 view .LVU113
 513 004e 06B0     		add	sp, sp, #24
 514              		.cfi_def_cfa_offset 16
 515              		@ sp needed
 516 0050 70BD     		pop	{r4, r5, r6, pc}
 517              	.LVL39:
 518              	.L24:
 519              		.loc 1 108 1 view .LVU114
 520 0052 00BF     		.align	2
 521              	.L23:
 522 0054 00000000 		.word	hi2c1
 523              		.cfi_endproc
 524              	.LFE72:
 526              		.section	.rodata.printout.str1.4,"aMS",%progbits,1
 527              		.align	2
 528              	.LC6:
 529 0000 68656C6C 		.ascii	"helloworld\000"
 529      6F776F72 
 529      6C6400
 530              		.section	.text.printout,"ax",%progbits
 531              		.align	1
 532              		.global	printout
 533              		.syntax unified
 534              		.thumb
 535              		.thumb_func
 537              	printout:
 538              	.LFB73:
 109:Core/Src/lsm9ds0.c **** 
 110:Core/Src/lsm9ds0.c **** void printout(){
 539              		.loc 1 110 16 is_stmt 1 view -0
 540              		.cfi_startproc
 541              		@ args = 0, pretend = 0, frame = 0
 542              		@ frame_needed = 0, uses_anonymous_args = 0
 543 0000 08B5     		push	{r3, lr}
 544              		.cfi_def_cfa_offset 8
 545              		.cfi_offset 3, -8
 546              		.cfi_offset 14, -4
 111:Core/Src/lsm9ds0.c ****     printf("helloworld\n");
 547              		.loc 1 111 5 view .LVU116
 548 0002 0248     		ldr	r0, .L27
 549 0004 FFF7FEFF 		bl	puts
 550              	.LVL40:
 112:Core/Src/lsm9ds0.c **** }
 551              		.loc 1 112 1 is_stmt 0 view .LVU117
 552 0008 08BD     		pop	{r3, pc}
 553              	.L28:
 554 000a 00BF     		.align	2
 555              	.L27:
 556 000c 00000000 		.word	.LC6
 557              		.cfi_endproc
 558              	.LFE73:
 560              		.section	.text.find_offset_lsm9ds0,"ax",%progbits
 561              		.align	1
 562              		.global	find_offset_lsm9ds0
 563              		.syntax unified
 564              		.thumb
ARM GAS  /tmp/ccE36425.s 			page 13


 565              		.thumb_func
 567              	find_offset_lsm9ds0:
 568              	.LFB74:
 113:Core/Src/lsm9ds0.c **** 
 114:Core/Src/lsm9ds0.c **** void find_offset_lsm9ds0()
 115:Core/Src/lsm9ds0.c **** {
 569              		.loc 1 115 1 is_stmt 1 view -0
 570              		.cfi_startproc
 571              		@ Volatile: function does not return.
 572              		@ args = 0, pretend = 0, frame = 0
 573              		@ frame_needed = 0, uses_anonymous_args = 0
 574              		@ link register save eliminated.
 575              	.L30:
 116:Core/Src/lsm9ds0.c **** 	while(1)
 576              		.loc 1 116 2 view .LVU119
 117:Core/Src/lsm9ds0.c **** 	{
 118:Core/Src/lsm9ds0.c **** 		//
 119:Core/Src/lsm9ds0.c **** 		//	 accx += -ax;
 120:Core/Src/lsm9ds0.c **** 		//	 accy += -ay;
 121:Core/Src/lsm9ds0.c **** 		//	 accz += (16384 - az);
 122:Core/Src/lsm9ds0.c **** 		//	 gyrox += -gx;
 123:Core/Src/lsm9ds0.c **** 		//	 gyry += -gy;
 124:Core/Src/lsm9ds0.c **** 		//	 gyrz += -gz;
 125:Core/Src/lsm9ds0.c **** 		//	 count += 1;
 126:Core/Src/lsm9ds0.c **** 		//	 if(count == 1000)
 127:Core/Src/lsm9ds0.c **** 		//	 {
 128:Core/Src/lsm9ds0.c **** 		//	   printf("accel_x offset %d\t",accx/1000);
 129:Core/Src/lsm9ds0.c **** 		//	   HAL_Delay(50);
 130:Core/Src/lsm9ds0.c **** 		//	   printf("accel_y offset %d\t",accy/1000);
 131:Core/Src/lsm9ds0.c **** 		//	   HAL_Delay(50);
 132:Core/Src/lsm9ds0.c **** 		//	   printf("accel_z offset %d\t",accz/1000);
 133:Core/Src/lsm9ds0.c **** 		//	   HAL_Delay(50);
 134:Core/Src/lsm9ds0.c **** 		//	   printf("\n>>>>>>>>>>>>>>>>>>>>>>>\n");
 135:Core/Src/lsm9ds0.c **** 		//	   HAL_Delay(50);
 136:Core/Src/lsm9ds0.c **** 		//	   printf("gyro_x offset %d\t", gyrox/1000);
 137:Core/Src/lsm9ds0.c **** 		//	   HAL_Delay(50);
 138:Core/Src/lsm9ds0.c **** 		//	   printf("gyro_y offset %d\t", gyry/1000);
 139:Core/Src/lsm9ds0.c **** 		//	   HAL_Delay(50);
 140:Core/Src/lsm9ds0.c **** 		//	   printf("gyro_z offset %d\t", gyrz/1000);
 141:Core/Src/lsm9ds0.c **** 		//	   HAL_Delay(50);
 142:Core/Src/lsm9ds0.c **** 		//	   printf("\n>>>>>>>>>>>>>>>>>>>>>>>\n");
 143:Core/Src/lsm9ds0.c **** 		//
 144:Core/Src/lsm9ds0.c **** 		//	 }
 145:Core/Src/lsm9ds0.c **** 
 146:Core/Src/lsm9ds0.c **** 	}
 577              		.loc 1 146 2 view .LVU120
 116:Core/Src/lsm9ds0.c **** 	while(1)
 578              		.loc 1 116 7 view .LVU121
 579 0000 FEE7     		b	.L30
 580              		.cfi_endproc
 581              	.LFE74:
 583              		.text
 584              	.Letext0:
 585              		.file 2 "/home/sarthak/.config/Code/User/globalStorage/bmd.stm32-for-vscode/@xpack-dev-tools/arm-n
 586              		.file 3 "/home/sarthak/.config/Code/User/globalStorage/bmd.stm32-for-vscode/@xpack-dev-tools/arm-n
 587              		.file 4 "Drivers/CMSIS/Device/ST/STM32F1xx/Include/stm32f103x6.h"
 588              		.file 5 "Drivers/STM32F1xx_HAL_Driver/Inc/stm32f1xx_hal_def.h"
ARM GAS  /tmp/ccE36425.s 			page 14


 589              		.file 6 "Drivers/STM32F1xx_HAL_Driver/Inc/stm32f1xx_hal_dma.h"
 590              		.file 7 "Drivers/STM32F1xx_HAL_Driver/Inc/stm32f1xx_hal_i2c.h"
 591              		.file 8 "/home/sarthak/.config/Code/User/globalStorage/bmd.stm32-for-vscode/@xpack-dev-tools/arm-n
 592              		.file 9 "<built-in>"
ARM GAS  /tmp/ccE36425.s 			page 15


DEFINED SYMBOLS
                            *ABS*:00000000 lsm9ds0.c
     /tmp/ccE36425.s:19     .text.check:00000000 $t
     /tmp/ccE36425.s:25     .text.check:00000000 check
     /tmp/ccE36425.s:63     .rodata.LSM9DS0_Init.str1.4:00000000 $d
     /tmp/ccE36425.s:82     .text.LSM9DS0_Init:00000000 $t
     /tmp/ccE36425.s:88     .text.LSM9DS0_Init:00000000 LSM9DS0_Init
     /tmp/ccE36425.s:255    .text.LSM9DS0_Init:000000f4 $d
     /tmp/ccE36425.s:266    .text.LSM9DS0_ReadAccel:00000000 $t
     /tmp/ccE36425.s:272    .text.LSM9DS0_ReadAccel:00000000 LSM9DS0_ReadAccel
     /tmp/ccE36425.s:348    .text.LSM9DS0_ReadAccel:00000054 $d
     /tmp/ccE36425.s:353    .text.LSM9DS0_ReadMag:00000000 $t
     /tmp/ccE36425.s:359    .text.LSM9DS0_ReadMag:00000000 LSM9DS0_ReadMag
     /tmp/ccE36425.s:435    .text.LSM9DS0_ReadMag:00000054 $d
     /tmp/ccE36425.s:440    .text.LSM9DS0_ReadGyro:00000000 $t
     /tmp/ccE36425.s:446    .text.LSM9DS0_ReadGyro:00000000 LSM9DS0_ReadGyro
     /tmp/ccE36425.s:522    .text.LSM9DS0_ReadGyro:00000054 $d
     /tmp/ccE36425.s:527    .rodata.printout.str1.4:00000000 $d
     /tmp/ccE36425.s:531    .text.printout:00000000 $t
     /tmp/ccE36425.s:537    .text.printout:00000000 printout
     /tmp/ccE36425.s:556    .text.printout:0000000c $d
     /tmp/ccE36425.s:561    .text.find_offset_lsm9ds0:00000000 $t
     /tmp/ccE36425.s:567    .text.find_offset_lsm9ds0:00000000 find_offset_lsm9ds0

UNDEFINED SYMBOLS
puts
HAL_I2C_Mem_Read
printf
HAL_I2C_Mem_Write
hi2c1
